{"timestamp":"2026-03-09T14:44:41.700Z","idle_agents":["forge"],"busy_agents":["iris"],"steals":[],"total_steals":0}
{"timestamp":"2026-03-09T15:02:35.886Z","idle_agents":["loom","forge"],"busy_agents":["iris"],"steals":[],"total_steals":0}
{"timestamp":"2026-03-09T15:08:36.975Z","idle_agents":["spark","loom","forge"],"busy_agents":["iris"],"steals":[],"total_steals":0}
{"timestamp":"2026-03-09T15:14:46.475Z","idle_agents":["spark","loom","forge"],"busy_agents":["iris"],"steals":[],"total_steals":0}
{"timestamp":"2026-03-09T15:32:38.514Z","idle_agents":["spark","loom","forge"],"busy_agents":["iris"],"steals":[],"total_steals":0}
{"timestamp":"2026-03-09T15:50:38.612Z","idle_agents":["loom","forge"],"busy_agents":["iris"],"steals":[],"total_steals":0}
{"timestamp":"2026-03-09T15:56:39.389Z","idle_agents":["spark","loom"],"busy_agents":["iris"],"steals":[],"total_steals":0}
{"timestamp":"2026-03-09T16:02:39.626Z","idle_agents":["spark","loom","forge"],"busy_agents":["iris"],"steals":[],"total_steals":0}
{"timestamp":"2026-03-09T16:08:39.412Z","idle_agents":["spark","loom","forge"],"busy_agents":["iris"],"steals":[],"total_steals":0}
{"timestamp":"2026-03-09T16:14:50.382Z","idle_agents":["spark","loom","forge"],"busy_agents":["iris"],"steals":[],"total_steals":0}
{"timestamp":"2026-03-09T16:26:39.761Z","idle_agents":["forge"],"busy_agents":["iris","loom"],"steals":[],"total_steals":0}
{"timestamp":"2026-03-09T16:32:41.734Z","idle_agents":["spark","forge"],"busy_agents":["iris","loom"],"steals":[],"total_steals":0}
{"timestamp":"2026-03-09T16:38:42.348Z","idle_agents":["spark","forge"],"busy_agents":["iris","loom"],"steals":[],"total_steals":0}
{"timestamp":"2026-03-09T16:44:51.016Z","idle_agents":["spark","forge"],"busy_agents":["iris","loom"],"steals":[],"total_steals":0}
{"timestamp":"2026-03-09T16:50:41.801Z","idle_agents":["spark","forge"],"busy_agents":["iris"],"steals":[],"total_steals":0}
{"timestamp":"2026-03-09T16:56:41.729Z","idle_agents":["loom"],"busy_agents":["iris"],"steals":[],"total_steals":0}
{"timestamp":"2026-03-09T17:02:42.519Z","idle_agents":["spark","loom","forge"],"busy_agents":["iris"],"steals":[],"total_steals":0}
{"timestamp":"2026-03-09T17:08:43.117Z","idle_agents":["spark","loom","forge"],"busy_agents":["iris"],"steals":[],"total_steals":0}
{"timestamp":"2026-03-09T17:14:51.527Z","idle_agents":["spark","loom","forge"],"busy_agents":["iris"],"steals":[],"total_steals":0}
{"timestamp":"2026-03-09T17:20:43.373Z","idle_agents":["spark","loom"],"busy_agents":["iris"],"steals":[],"total_steals":0}
{"timestamp":"2026-03-09T17:26:45.023Z","idle_agents":["spark","loom","forge"],"busy_agents":["iris"],"steals":[],"total_steals":0}
{"timestamp":"2026-03-09T17:32:44.766Z","idle_agents":["spark","loom","forge"],"busy_agents":["iris"],"steals":[],"total_steals":0}
{"timestamp":"2026-03-09T17:38:45.077Z","idle_agents":["spark","loom","forge"],"busy_agents":["iris"],"steals":[],"total_steals":0}
{"timestamp":"2026-03-09T17:44:56.674Z","idle_agents":["spark","loom","forge"],"busy_agents":["iris"],"steals":[],"total_steals":0}
{"timestamp":"2026-03-09T17:50:48.063Z","idle_agents":["loom","forge"],"busy_agents":["iris"],"steals":[],"total_steals":0}
{"timestamp":"2026-03-09T17:56:45.329Z","idle_agents":["spark","loom"],"busy_agents":["iris"],"steals":[],"total_steals":0}
{"timestamp":"2026-03-09T18:02:46.613Z","idle_agents":["spark","loom","forge"],"busy_agents":["iris"],"steals":[],"total_steals":0}
{"timestamp":"2026-03-09T18:08:46.329Z","idle_agents":["spark"],"busy_agents":["iris"],"steals":[],"total_steals":0}
{"timestamp":"2026-03-09T18:15:24.881Z","idle_agents":["spark","loom"],"busy_agents":["iris"],"steals":[],"total_steals":0}
{"timestamp":"2026-03-09T18:20:47.044Z","idle_agents":["loom"],"busy_agents":["iris","forge"],"steals":[],"total_steals":0}
{"timestamp":"2026-03-09T18:26:48.031Z","idle_agents":["loom"],"busy_agents":["iris","forge"],"steals":[],"total_steals":0}
{"timestamp":"2026-03-09T19:32:49.794Z","idle_agents":["spark","loom"],"busy_agents":["iris"],"steals":[],"total_steals":0}
{"timestamp":"2026-03-09T19:38:50.241Z","idle_agents":["spark","loom"],"busy_agents":["iris"],"steals":[],"total_steals":0}
{"timestamp":"2026-03-09T19:44:54.270Z","idle_agents":["spark","loom"],"busy_agents":["iris"],"steals":[],"total_steals":0}
{"timestamp":"2026-03-09T19:50:51.336Z","idle_agents":["spark","loom","forge"],"busy_agents":["iris"],"steals":[],"total_steals":0}
{"timestamp":"2026-03-09T19:56:51.846Z","idle_agents":["spark","loom","forge"],"busy_agents":["iris"],"steals":[],"total_steals":0}
{"timestamp":"2026-03-09T20:02:52.200Z","idle_agents":["spark","loom","forge"],"busy_agents":["iris"],"steals":[],"total_steals":0}
{"timestamp":"2026-03-09T20:08:52.194Z","idle_agents":["spark","loom","forge"],"busy_agents":["iris"],"steals":[],"total_steals":0}
{"timestamp":"2026-03-09T20:14:55.160Z","idle_agents":["spark","loom","forge"],"busy_agents":["iris"],"steals":[],"total_steals":0}
